<?xml version="1.0" encoding="UTF-8"?>
<!-- Generated by org.testng.reporters.JUnitReportReporter -->
<testsuite skipped="0" hostname="RAMYA-PC" name="org.lti.com.org.ramya.com.GETissueextendsBaseReq" tests="1" failures="0" timestamp="02 Mar 2019 13:23:12 GMT" time="5.208" errors="0">
  <testcase name="getIssueID" time="5.208" classname="org.lti.com.org.ramya.com.GETissueextendsBaseReq"/>
</testsuite> <!-- org.lti.com.org.ramya.com.GETissueextendsBaseReq -->
