<?xml version="1.0" encoding="UTF-8"?>
<!-- Generated by org.testng.reporters.JUnitReportReporter -->
<testsuite skipped="0" hostname="RAMYA-PC" name="org.lti.com.org.ramya.com.PUTMethodinJIRA" tests="1" failures="0" timestamp="02 Mar 2019 13:24:52 GMT" time="4.919" errors="0">
  <testcase name="putMethod" time="4.919" classname="org.lti.com.org.ramya.com.PUTMethodinJIRA"/>
</testsuite> <!-- org.lti.com.org.ramya.com.PUTMethodinJIRA -->
